2024-05-02 22:35:57,217 - IRCServer[44101] - INFO - Launching client peregrin...
2024-05-02 22:35:57,223 - IRCServer[44101] - INFO - Sending message to b'\x80\x00\x00\x00i\x00\x00\x00\x00\x08\x00\x0bperegrin"Test info"'
2024-05-02 22:35:57,227 - IRCServer[44101] - INFO - Received message from Host ID #105 "b'\x80\x00\x00\x00i\x00\x00\x00\x00\x08\x00\x0bperegrin"Test info"'"
2024-05-02 22:35:57,230 - IRCServer[44101] - INFO - Sending message to Host ID #105 "b'\x01\x00\x00\x00\x07\x00\x00\x00i\x00\x00\x00\x00\x002Welcome to the Clemson Relay Chat network peregrin'"
2024-05-02 22:35:57,240 - IRCServer[44101] - INFO - Sending message to Host ID #105 "b'\x80\x00\x00\x00e\x00\x00\x00\x07\x0c\x00\x0bfrodobaggins"Test info"'"
2024-05-02 22:35:57,244 - IRCServer[44101] - INFO - Sending message to Host ID #105 "b'\x80\x00\x00\x00f\x00\x00\x00\x07\t\x00\x0bsamgamgee"Test info"'"
2024-05-02 22:35:57,246 - IRCServer[44101] - INFO - Sending message to Host ID #105 "b'\x80\x00\x00\x00g\x00\x00\x00\x07\x06\x00\x0belrond"Test info"'"
2024-05-02 22:35:57,250 - IRCServer[44101] - INFO - Sending message to Host ID #105 "b'\x80\x00\x00\x00h\x00\x00\x00\x07\x0c\x00\x0bbilbobaggins"Test info"'"
2024-05-02 22:35:57,251 - IRCServer[44101] - INFO - Sending message to Host ID #4 "b'\x80\x00\x00\x00i\x00\x00\x00\x07\x08\x00\x0bperegrin"Test info"'"
2024-05-02 22:35:57,256 - IRCServer[44101] - INFO - Received message from Host ID #105 "b'\x80\x00\x00\x00i\x00\x00\x00\x07\x08\x00\x0bperegrin"Test info"'"
2024-05-02 22:35:57,256 - IRCServer[44101] - INFO - Received message from Host ID #7 "b'\x01\x00\x00\x00\x07\x00\x00\x00i\x00\x00\x00\x00\x002Welcome to the Clemson Relay Chat network peregrin'"
2024-05-02 22:35:57,258 - IRCServer[44101] - INFO - Sending message to Host ID #2 "b'\x80\x00\x00\x00i\x00\x00\x00\x04\x08\x00\x0bperegrin"Test info"'"
2024-05-02 22:35:57,259 - IRCServer[44101] - INFO - Received message from Host ID #101 "b'\x80\x00\x00\x00e\x00\x00\x00\x07\x0c\x00\x0bfrodobaggins"Test info"'"
2024-05-02 22:35:57,260 - IRCServer[44101] - INFO - Sending message to Host ID #6 "b'\x80\x00\x00\x00i\x00\x00\x00\x04\x08\x00\x0bperegrin"Test info"'"
2024-05-02 22:35:57,262 - IRCServer[44101] - INFO - Received message from Host ID #102 "b'\x80\x00\x00\x00f\x00\x00\x00\x07\t\x00\x0bsamgamgee"Test info"'"
2024-05-02 22:35:57,264 - IRCServer[44101] - INFO - Received message from Host ID #105 "b'\x80\x00\x00\x00i\x00\x00\x00\x04\x08\x00\x0bperegrin"Test info"'"
2024-05-02 22:35:57,265 - IRCServer[44101] - INFO - Received message from Host ID #105 "b'\x80\x00\x00\x00i\x00\x00\x00\x04\x08\x00\x0bperegrin"Test info"'"
2024-05-02 22:35:57,265 - IRCServer[44101] - INFO - Received message from Host ID #103 "b'\x80\x00\x00\x00g\x00\x00\x00\x07\x06\x00\x0belrond"Test info"'"
2024-05-02 22:35:57,267 - IRCServer[44101] - INFO - Sending message to Host ID #1 "b'\x80\x00\x00\x00i\x00\x00\x00\x02\x08\x00\x0bperegrin"Test info"'"
2024-05-02 22:35:57,269 - IRCServer[44101] - INFO - Received message from Host ID #104 "b'\x80\x00\x00\x00h\x00\x00\x00\x07\x0c\x00\x0bbilbobaggins"Test info"'"
2024-05-02 22:35:57,270 - IRCServer[44101] - INFO - Sending message to Host ID #5 "b'\x80\x00\x00\x00i\x00\x00\x00\x02\x08\x00\x0bperegrin"Test info"'"
2024-05-02 22:35:57,274 - IRCServer[44101] - INFO - Sending message to Host ID #103 "b'\x80\x00\x00\x00i\x00\x00\x00\x02\x08\x00\x0bperegrin"Test info"'"
2024-05-02 22:35:57,276 - IRCServer[44101] - INFO - Received message from Host ID #105 "b'\x80\x00\x00\x00i\x00\x00\x00\x02\x08\x00\x0bperegrin"Test info"'"
2024-05-02 22:35:57,276 - IRCServer[44101] - INFO - Received message from Host ID #105 "b'\x80\x00\x00\x00i\x00\x00\x00\x02\x08\x00\x0bperegrin"Test info"'"
2024-05-02 22:35:57,277 - IRCServer[44101] - INFO - Received message from Host ID #105 "b'\x80\x00\x00\x00i\x00\x00\x00\x02\x08\x00\x0bperegrin"Test info"'"
2024-05-02 22:35:57,278 - IRCServer[44101] - INFO - Sending message to Host ID #3 "b'\x80\x00\x00\x00i\x00\x00\x00\x01\x08\x00\x0bperegrin"Test info"'"
2024-05-02 22:35:57,282 - IRCServer[44101] - INFO - Sending message to Host ID #101 "b'\x80\x00\x00\x00i\x00\x00\x00\x01\x08\x00\x0bperegrin"Test info"'"
2024-05-02 22:35:57,285 - IRCServer[44101] - INFO - Sending message to Host ID #102 "b'\x80\x00\x00\x00i\x00\x00\x00\x01\x08\x00\x0bperegrin"Test info"'"
2024-05-02 22:35:57,289 - IRCServer[44101] - INFO - Received message from Host ID #105 "b'\x80\x00\x00\x00i\x00\x00\x00\x01\x08\x00\x0bperegrin"Test info"'"
2024-05-02 22:35:57,289 - IRCServer[44101] - INFO - Received message from Host ID #105 "b'\x80\x00\x00\x00i\x00\x00\x00\x01\x08\x00\x0bperegrin"Test info"'"
2024-05-02 22:35:57,290 - IRCServer[44101] - INFO - Received message from Host ID #105 "b'\x80\x00\x00\x00i\x00\x00\x00\x01\x08\x00\x0bperegrin"Test info"'"
2024-05-02 22:35:57,291 - IRCServer[44101] - INFO - Sending message to Host ID #104 "b'\x80\x00\x00\x00i\x00\x00\x00\x03\x08\x00\x0bperegrin"Test info"'"
2024-05-02 22:35:57,294 - IRCServer[44101] - INFO - Received message from Host ID #105 "b'\x80\x00\x00\x00i\x00\x00\x00\x03\x08\x00\x0bperegrin"Test info"'"
2024-05-02 22:35:58,224 - IRCServer[44101] - INFO - Launching server mirkwood...
2024-05-02 22:35:58,242 - IRCServer[44101] - INFO - Configuring the server socket...
2024-05-02 22:35:58,247 - IRCServer[44101] - INFO - Connecting to remote server rivendale:33402...
2024-05-02 22:35:58,251 - IRCServer[44101] - INFO - Listening for new connections on port 33408
2024-05-02 22:35:58,251 - IRCServer[44101] - INFO - Received message from Host ID #8 "b'\x00\x00\x00\x00\x08\x00\x00\x00\x00\x08\x00\x15mirkwood"Wood of Greenleaves"'"
2024-05-02 22:35:58,255 - IRCServer[44101] - INFO - Sending message to Host ID #8 "b'\x00\x00\x00\x00\x02\x00\x00\x00\x02\t\x00\x0frivendale"Elronds House"'"
2024-05-02 22:35:58,257 - IRCServer[44101] - INFO - Sending message to Host ID #8 "b'\x00\x00\x00\x00\x01\x00\x00\x00\x02\x08\x00\x15theshire"Home of the Hobbits"'"
2024-05-02 22:35:58,261 - IRCServer[44101] - INFO - Sending message to Host ID #8 "b'\x80\x00\x00\x00e\x00\x00\x00\x02\x0c\x00\x0bfrodobaggins"Test info"'"
2024-05-02 22:35:58,265 - IRCServer[44101] - INFO - Sending message to Host ID #8 "b'\x00\x00\x00\x00\x03\x00\x00\x00\x02\x0b\x00\x1cgrey_havens"Gates to the Blessed Realm"'"
2024-05-02 22:35:58,267 - IRCServer[44101] - INFO - Sending message to Host ID #8 "b'\x80\x00\x00\x00f\x00\x00\x00\x02\t\x00\x0bsamgamgee"Test info"'"
2024-05-02 22:35:58,271 - IRCServer[44101] - INFO - Sending message to Host ID #8 "b'\x80\x00\x00\x00g\x00\x00\x00\x02\x06\x00\x0belrond"Test info"'"
2024-05-02 22:35:58,275 - IRCServer[44101] - INFO - Sending message to Host ID #8 "b'\x80\x00\x00\x00h\x00\x00\x00\x02\x0c\x00\x0bbilbobaggins"Test info"'"
2024-05-02 22:35:58,278 - IRCServer[44101] - INFO - Sending message to Host ID #8 "b'\x00\x00\x00\x00\x04\x00\x00\x00\x02\n\x00\x11lothlorien"The Golden Wood"'"
2024-05-02 22:35:58,281 - IRCServer[44101] - INFO - Sending message to Host ID #8 "b'\x00\x00\x00\x00\x05\x00\x00\x00\x02\x05\x00\x0fmoria"The Black Pit"'"
2024-05-02 22:35:58,285 - IRCServer[44101] - INFO - Sending message to Host ID #8 "b'\x00\x00\x00\x00\x06\x00\x00\x00\x02\x06\x00%edoras"Home of the Golden Hall of Meduseld"'"
2024-05-02 22:35:58,288 - IRCServer[44101] - INFO - Sending message to Host ID #8 "b'\x00\x00\x00\x00\x07\x00\x00\x00\x02\x0b\x00\x10minastirith"Tower of Guard"'"
2024-05-02 22:35:58,291 - IRCServer[44101] - INFO - Sending message to Host ID #8 "b'\x80\x00\x00\x00i\x00\x00\x00\x02\x08\x00\x0bperegrin"Test info"'"
2024-05-02 22:35:58,294 - IRCServer[44101] - INFO - Sending message to Host ID #1 "b'\x00\x00\x00\x00\x08\x00\x00\x00\x02\x08\x00\x15mirkwood"Wood of Greenleaves"'"
2024-05-02 22:35:58,295 - IRCServer[44101] - INFO - Sending message to Host ID #4 "b'\x00\x00\x00\x00\x08\x00\x00\x00\x02\x08\x00\x15mirkwood"Wood of Greenleaves"'"
2024-05-02 22:35:58,298 - IRCServer[44101] - INFO - Sending message to Host ID #5 "b'\x00\x00\x00\x00\x08\x00\x00\x00\x02\x08\x00\x15mirkwood"Wood of Greenleaves"'"
2024-05-02 22:35:58,301 - IRCServer[44101] - INFO - Received message from Host ID #8 "b'\x00\x00\x00\x00\x08\x00\x00\x00\x02\x08\x00\x15mirkwood"Wood of Greenleaves"'"
2024-05-02 22:35:58,301 - IRCServer[44101] - INFO - Received message from Host ID #2 "b'\x00\x00\x00\x00\x02\x00\x00\x00\x02\t\x00\x0frivendale"Elronds House"'"
2024-05-02 22:35:58,302 - IRCServer[44101] - INFO - Received message from Host ID #8 "b'\x00\x00\x00\x00\x08\x00\x00\x00\x02\x08\x00\x15mirkwood"Wood of Greenleaves"'"
2024-05-02 22:35:58,302 - IRCServer[44101] - INFO - Received message from Host ID #8 "b'\x00\x00\x00\x00\x08\x00\x00\x00\x02\x08\x00\x15mirkwood"Wood of Greenleaves"'"
2024-05-02 22:35:58,304 - IRCServer[44101] - INFO - Sending message to Host ID #3 "b'\x00\x00\x00\x00\x08\x00\x00\x00\x01\x08\x00\x15mirkwood"Wood of Greenleaves"'"
2024-05-02 22:35:58,306 - IRCServer[44101] - INFO - Received message from Host ID #1 "b'\x00\x00\x00\x00\x01\x00\x00\x00\x02\x08\x00\x15theshire"Home of the Hobbits"'"
2024-05-02 22:35:58,307 - IRCServer[44101] - INFO - Sending message to Host ID #6 "b'\x00\x00\x00\x00\x08\x00\x00\x00\x04\x08\x00\x15mirkwood"Wood of Greenleaves"'"
2024-05-02 22:35:58,308 - IRCServer[44101] - INFO - Received message from Host ID #8 "b'\x00\x00\x00\x00\x08\x00\x00\x00\x01\x08\x00\x15mirkwood"Wood of Greenleaves"'"
2024-05-02 22:35:58,309 - IRCServer[44101] - INFO - Received message from Host ID #101 "b'\x80\x00\x00\x00e\x00\x00\x00\x02\x0c\x00\x0bfrodobaggins"Test info"'"
2024-05-02 22:35:58,310 - IRCServer[44101] - INFO - Sending message to Host ID #7 "b'\x00\x00\x00\x00\x08\x00\x00\x00\x04\x08\x00\x15mirkwood"Wood of Greenleaves"'"
2024-05-02 22:35:58,315 - IRCServer[44101] - INFO - Received message from Host ID #3 "b'\x00\x00\x00\x00\x03\x00\x00\x00\x02\x0b\x00\x1cgrey_havens"Gates to the Blessed Realm"'"
2024-05-02 22:35:58,317 - IRCServer[44101] - INFO - Received message from Host ID #8 "b'\x00\x00\x00\x00\x08\x00\x00\x00\x04\x08\x00\x15mirkwood"Wood of Greenleaves"'"
2024-05-02 22:35:58,317 - IRCServer[44101] - INFO - Received message from Host ID #8 "b'\x00\x00\x00\x00\x08\x00\x00\x00\x04\x08\x00\x15mirkwood"Wood of Greenleaves"'"
2024-05-02 22:35:58,318 - IRCServer[44101] - INFO - Received message from Host ID #102 "b'\x80\x00\x00\x00f\x00\x00\x00\x02\t\x00\x0bsamgamgee"Test info"'"
2024-05-02 22:35:58,322 - IRCServer[44101] - INFO - Received message from Host ID #103 "b'\x80\x00\x00\x00g\x00\x00\x00\x02\x06\x00\x0belrond"Test info"'"
2024-05-02 22:35:58,327 - IRCServer[44101] - INFO - Received message from Host ID #104 "b'\x80\x00\x00\x00h\x00\x00\x00\x02\x0c\x00\x0bbilbobaggins"Test info"'"
2024-05-02 22:35:58,330 - IRCServer[44101] - INFO - Received message from Host ID #4 "b'\x00\x00\x00\x00\x04\x00\x00\x00\x02\n\x00\x11lothlorien"The Golden Wood"'"
2024-05-02 22:35:58,334 - IRCServer[44101] - INFO - Received message from Host ID #5 "b'\x00\x00\x00\x00\x05\x00\x00\x00\x02\x05\x00\x0fmoria"The Black Pit"'"
2024-05-02 22:35:58,337 - IRCServer[44101] - INFO - Received message from Host ID #6 "b'\x00\x00\x00\x00\x06\x00\x00\x00\x02\x06\x00%edoras"Home of the Golden Hall of Meduseld"'"
2024-05-02 22:35:58,342 - IRCServer[44101] - INFO - Received message from Host ID #7 "b'\x00\x00\x00\x00\x07\x00\x00\x00\x02\x0b\x00\x10minastirith"Tower of Guard"'"
2024-05-02 22:35:58,346 - IRCServer[44101] - INFO - Received message from Host ID #105 "b'\x80\x00\x00\x00i\x00\x00\x00\x02\x08\x00\x0bperegrin"Test info"'"
2024-05-02 22:35:59,232 - IRCServer[44101] - INFO - Launching client meriadoc...
2024-05-02 22:35:59,241 - IRCServer[44101] - INFO - Sending message to b'\x80\x00\x00\x00j\x00\x00\x00\x00\x08\x00\x0bmeriadoc"Test info"'
2024-05-02 22:35:59,246 - IRCServer[44101] - INFO - Received message from Host ID #106 "b'\x80\x00\x00\x00j\x00\x00\x00\x00\x08\x00\x0bmeriadoc"Test info"'"
2024-05-02 22:35:59,250 - IRCServer[44101] - INFO - Sending message to Host ID #106 "b'\x01\x00\x00\x00\x06\x00\x00\x00j\x00\x00\x00\x00\x002Welcome to the Clemson Relay Chat network meriadoc'"
2024-05-02 22:35:59,257 - IRCServer[44101] - INFO - Sending message to Host ID #106 "b'\x80\x00\x00\x00e\x00\x00\x00\x06\x0c\x00\x0bfrodobaggins"Test info"'"
2024-05-02 22:35:59,261 - IRCServer[44101] - INFO - Sending message to Host ID #106 "b'\x80\x00\x00\x00f\x00\x00\x00\x06\t\x00\x0bsamgamgee"Test info"'"
2024-05-02 22:35:59,267 - IRCServer[44101] - INFO - Sending message to Host ID #106 "b'\x80\x00\x00\x00g\x00\x00\x00\x06\x06\x00\x0belrond"Test info"'"
2024-05-02 22:35:59,272 - IRCServer[44101] - INFO - Sending message to Host ID #106 "b'\x80\x00\x00\x00h\x00\x00\x00\x06\x0c\x00\x0bbilbobaggins"Test info"'"
2024-05-02 22:35:59,275 - IRCServer[44101] - INFO - Sending message to Host ID #106 "b'\x80\x00\x00\x00i\x00\x00\x00\x06\x08\x00\x0bperegrin"Test info"'"
2024-05-02 22:35:59,278 - IRCServer[44101] - INFO - Sending message to Host ID #4 "b'\x80\x00\x00\x00j\x00\x00\x00\x06\x08\x00\x0bmeriadoc"Test info"'"
2024-05-02 22:35:59,281 - IRCServer[44101] - INFO - Received message from Host ID #6 "b'\x01\x00\x00\x00\x06\x00\x00\x00j\x00\x00\x00\x00\x002Welcome to the Clemson Relay Chat network meriadoc'"
2024-05-02 22:35:59,282 - IRCServer[44101] - INFO - Received message from Host ID #106 "b'\x80\x00\x00\x00j\x00\x00\x00\x06\x08\x00\x0bmeriadoc"Test info"'"
2024-05-02 22:35:59,287 - IRCServer[44101] - INFO - Received message from Host ID #101 "b'\x80\x00\x00\x00e\x00\x00\x00\x06\x0c\x00\x0bfrodobaggins"Test info"'"
2024-05-02 22:35:59,290 - IRCServer[44101] - INFO - Sending message to Host ID #2 "b'\x80\x00\x00\x00j\x00\x00\x00\x04\x08\x00\x0bmeriadoc"Test info"'"
2024-05-02 22:35:59,291 - IRCServer[44101] - INFO - Received message from Host ID #102 "b'\x80\x00\x00\x00f\x00\x00\x00\x06\t\x00\x0bsamgamgee"Test info"'"
2024-05-02 22:35:59,294 - IRCServer[44101] - INFO - Sending message to Host ID #7 "b'\x80\x00\x00\x00j\x00\x00\x00\x04\x08\x00\x0bmeriadoc"Test info"'"
2024-05-02 22:35:59,295 - IRCServer[44101] - INFO - Received message from Host ID #103 "b'\x80\x00\x00\x00g\x00\x00\x00\x06\x06\x00\x0belrond"Test info"'"
2024-05-02 22:35:59,298 - IRCServer[44101] - INFO - Received message from Host ID #106 "b'\x80\x00\x00\x00j\x00\x00\x00\x04\x08\x00\x0bmeriadoc"Test info"'"
2024-05-02 22:35:59,299 - IRCServer[44101] - INFO - Received message from Host ID #106 "b'\x80\x00\x00\x00j\x00\x00\x00\x04\x08\x00\x0bmeriadoc"Test info"'"
2024-05-02 22:35:59,300 - IRCServer[44101] - INFO - Received message from Host ID #104 "b'\x80\x00\x00\x00h\x00\x00\x00\x06\x0c\x00\x0bbilbobaggins"Test info"'"
2024-05-02 22:35:59,302 - IRCServer[44101] - INFO - Sending message to Host ID #1 "b'\x80\x00\x00\x00j\x00\x00\x00\x02\x08\x00\x0bmeriadoc"Test info"'"
2024-05-02 22:35:59,306 - IRCServer[44101] - INFO - Sending message to Host ID #105 "b'\x80\x00\x00\x00j\x00\x00\x00\x07\x08\x00\x0bmeriadoc"Test info"'"
2024-05-02 22:35:59,306 - IRCServer[44101] - INFO - Received message from Host ID #105 "b'\x80\x00\x00\x00i\x00\x00\x00\x06\x08\x00\x0bperegrin"Test info"'"
2024-05-02 22:35:59,307 - IRCServer[44101] - INFO - Sending message to Host ID #5 "b'\x80\x00\x00\x00j\x00\x00\x00\x02\x08\x00\x0bmeriadoc"Test info"'"
2024-05-02 22:35:59,310 - IRCServer[44101] - INFO - Received message from Host ID #106 "b'\x80\x00\x00\x00j\x00\x00\x00\x07\x08\x00\x0bmeriadoc"Test info"'"
2024-05-02 22:35:59,312 - IRCServer[44101] - INFO - Sending message to Host ID #8 "b'\x80\x00\x00\x00j\x00\x00\x00\x02\x08\x00\x0bmeriadoc"Test info"'"
2024-05-02 22:35:59,316 - IRCServer[44101] - INFO - Sending message to Host ID #103 "b'\x80\x00\x00\x00j\x00\x00\x00\x02\x08\x00\x0bmeriadoc"Test info"'"
2024-05-02 22:35:59,320 - IRCServer[44101] - INFO - Received message from Host ID #106 "b'\x80\x00\x00\x00j\x00\x00\x00\x02\x08\x00\x0bmeriadoc"Test info"'"
2024-05-02 22:35:59,320 - IRCServer[44101] - INFO - Received message from Host ID #106 "b'\x80\x00\x00\x00j\x00\x00\x00\x02\x08\x00\x0bmeriadoc"Test info"'"
2024-05-02 22:35:59,321 - IRCServer[44101] - INFO - Received message from Host ID #106 "b'\x80\x00\x00\x00j\x00\x00\x00\x02\x08\x00\x0bmeriadoc"Test info"'"
2024-05-02 22:35:59,321 - IRCServer[44101] - INFO - Received message from Host ID #106 "b'\x80\x00\x00\x00j\x00\x00\x00\x02\x08\x00\x0bmeriadoc"Test info"'"
2024-05-02 22:35:59,325 - IRCServer[44101] - INFO - Sending message to Host ID #3 "b'\x80\x00\x00\x00j\x00\x00\x00\x01\x08\x00\x0bmeriadoc"Test info"'"
2024-05-02 22:35:59,331 - IRCServer[44101] - INFO - Sending message to Host ID #101 "b'\x80\x00\x00\x00j\x00\x00\x00\x01\x08\x00\x0bmeriadoc"Test info"'"
2024-05-02 22:35:59,337 - IRCServer[44101] - INFO - Sending message to Host ID #102 "b'\x80\x00\x00\x00j\x00\x00\x00\x01\x08\x00\x0bmeriadoc"Test info"'"
2024-05-02 22:35:59,340 - IRCServer[44101] - INFO - Received message from Host ID #106 "b'\x80\x00\x00\x00j\x00\x00\x00\x01\x08\x00\x0bmeriadoc"Test info"'"
2024-05-02 22:35:59,341 - IRCServer[44101] - INFO - Received message from Host ID #106 "b'\x80\x00\x00\x00j\x00\x00\x00\x01\x08\x00\x0bmeriadoc"Test info"'"
2024-05-02 22:35:59,341 - IRCServer[44101] - INFO - Received message from Host ID #106 "b'\x80\x00\x00\x00j\x00\x00\x00\x01\x08\x00\x0bmeriadoc"Test info"'"
2024-05-02 22:35:59,346 - IRCServer[44101] - INFO - Sending message to Host ID #104 "b'\x80\x00\x00\x00j\x00\x00\x00\x03\x08\x00\x0bmeriadoc"Test info"'"
2024-05-02 22:35:59,352 - IRCServer[44101] - INFO - Received message from Host ID #106 "b'\x80\x00\x00\x00j\x00\x00\x00\x03\x08\x00\x0bmeriadoc"Test info"'"
2024-05-02 22:36:00,246 - IRCServer[44101] - INFO - Launching server isengard...
2024-05-02 22:36:00,251 - IRCServer[44101] - INFO - Configuring the server socket...
2024-05-02 22:36:00,259 - IRCServer[44101] - INFO - Connecting to remote server edoras:33406...
2024-05-02 22:36:00,264 - IRCServer[44101] - INFO - Received message from Host ID #9 "b'\x00\x00\x00\x00\t\x00\x00\x00\x00\x08\x00\x1disengard"Angrenost, The Iron Fortres"'"
2024-05-02 22:36:00,265 - IRCServer[44101] - INFO - Listening for new connections on port 33409
2024-05-02 22:36:00,270 - IRCServer[44101] - INFO - Sending message to Host ID #9 "b'\x00\x00\x00\x00\x06\x00\x00\x00\x06\x06\x00%edoras"Home of the Golden Hall of Meduseld"'"
2024-05-02 22:36:00,276 - IRCServer[44101] - INFO - Sending message to Host ID #9 "b'\x00\x00\x00\x00\x04\x00\x00\x00\x06\n\x00\x11lothlorien"The Golden Wood"'"
2024-05-02 22:36:00,281 - IRCServer[44101] - INFO - Sending message to Host ID #9 "b'\x00\x00\x00\x00\x02\x00\x00\x00\x06\t\x00\x0frivendale"Elronds House"'"
2024-05-02 22:36:00,283 - IRCServer[44101] - INFO - Sending message to Host ID #9 "b'\x00\x00\x00\x00\x01\x00\x00\x00\x06\x08\x00\x15theshire"Home of the Hobbits"'"
2024-05-02 22:36:00,287 - IRCServer[44101] - INFO - Sending message to Host ID #9 "b'\x80\x00\x00\x00e\x00\x00\x00\x06\x0c\x00\x0bfrodobaggins"Test info"'"
2024-05-02 22:36:00,290 - IRCServer[44101] - INFO - Sending message to Host ID #9 "b'\x00\x00\x00\x00\x03\x00\x00\x00\x06\x0b\x00\x1cgrey_havens"Gates to the Blessed Realm"'"
2024-05-02 22:36:00,296 - IRCServer[44101] - INFO - Sending message to Host ID #9 "b'\x80\x00\x00\x00f\x00\x00\x00\x06\t\x00\x0bsamgamgee"Test info"'"
2024-05-02 22:36:00,302 - IRCServer[44101] - INFO - Sending message to Host ID #9 "b'\x80\x00\x00\x00g\x00\x00\x00\x06\x06\x00\x0belrond"Test info"'"
2024-05-02 22:36:00,305 - IRCServer[44101] - INFO - Sending message to Host ID #9 "b'\x80\x00\x00\x00h\x00\x00\x00\x06\x0c\x00\x0bbilbobaggins"Test info"'"
2024-05-02 22:36:00,308 - IRCServer[44101] - INFO - Sending message to Host ID #9 "b'\x00\x00\x00\x00\x05\x00\x00\x00\x06\x05\x00\x0fmoria"The Black Pit"'"
2024-05-02 22:36:00,312 - IRCServer[44101] - INFO - Sending message to Host ID #9 "b'\x00\x00\x00\x00\x07\x00\x00\x00\x06\x0b\x00\x10minastirith"Tower of Guard"'"
2024-05-02 22:36:00,317 - IRCServer[44101] - INFO - Sending message to Host ID #9 "b'\x80\x00\x00\x00i\x00\x00\x00\x06\x08\x00\x0bperegrin"Test info"'"
2024-05-02 22:36:00,322 - IRCServer[44101] - INFO - Sending message to Host ID #9 "b'\x00\x00\x00\x00\x08\x00\x00\x00\x06\x08\x00\x15mirkwood"Wood of Greenleaves"'"
2024-05-02 22:36:00,328 - IRCServer[44101] - INFO - Sending message to Host ID #9 "b'\x80\x00\x00\x00j\x00\x00\x00\x06\x08\x00\x0bmeriadoc"Test info"'"
2024-05-02 22:36:00,338 - IRCServer[44101] - INFO - Sending message to Host ID #4 "b'\x00\x00\x00\x00\t\x00\x00\x00\x06\x08\x00\x1disengard"Angrenost, The Iron Fortres"'"
2024-05-02 22:36:00,342 - IRCServer[44101] - INFO - Received message from Host ID #9 "b'\x00\x00\x00\x00\t\x00\x00\x00\x06\x08\x00\x1disengard"Angrenost, The Iron Fortres"'"
2024-05-02 22:36:00,342 - IRCServer[44101] - INFO - Received message from Host ID #6 "b'\x00\x00\x00\x00\x06\x00\x00\x00\x06\x06\x00%edoras"Home of the Golden Hall of Meduseld"'"
2024-05-02 22:36:00,346 - IRCServer[44101] - INFO - Sending message to Host ID #2 "b'\x00\x00\x00\x00\t\x00\x00\x00\x04\x08\x00\x1disengard"Angrenost, The Iron Fortres"'"
2024-05-02 22:36:00,350 - IRCServer[44101] - INFO - Received message from Host ID #4 "b'\x00\x00\x00\x00\x04\x00\x00\x00\x06\n\x00\x11lothlorien"The Golden Wood"'"
2024-05-02 22:36:00,352 - IRCServer[44101] - INFO - Sending message to Host ID #7 "b'\x00\x00\x00\x00\t\x00\x00\x00\x04\x08\x00\x1disengard"Angrenost, The Iron Fortres"'"
2024-05-02 22:36:00,354 - IRCServer[44101] - INFO - Received message from Host ID #2 "b'\x00\x00\x00\x00\x02\x00\x00\x00\x06\t\x00\x0frivendale"Elronds House"'"
2024-05-02 22:36:00,355 - IRCServer[44101] - INFO - Received message from Host ID #9 "b'\x00\x00\x00\x00\t\x00\x00\x00\x04\x08\x00\x1disengard"Angrenost, The Iron Fortres"'"
2024-05-02 22:36:00,355 - IRCServer[44101] - INFO - Received message from Host ID #9 "b'\x00\x00\x00\x00\t\x00\x00\x00\x04\x08\x00\x1disengard"Angrenost, The Iron Fortres"'"
2024-05-02 22:36:00,358 - IRCServer[44101] - INFO - Received message from Host ID #1 "b'\x00\x00\x00\x00\x01\x00\x00\x00\x06\x08\x00\x15theshire"Home of the Hobbits"'"
2024-05-02 22:36:00,359 - IRCServer[44101] - INFO - Sending message to Host ID #1 "b'\x00\x00\x00\x00\t\x00\x00\x00\x02\x08\x00\x1disengard"Angrenost, The Iron Fortres"'"
2024-05-02 22:36:00,362 - IRCServer[44101] - INFO - Received message from Host ID #101 "b'\x80\x00\x00\x00e\x00\x00\x00\x06\x0c\x00\x0bfrodobaggins"Test info"'"
2024-05-02 22:36:00,363 - IRCServer[44101] - INFO - Sending message to Host ID #5 "b'\x00\x00\x00\x00\t\x00\x00\x00\x02\x08\x00\x1disengard"Angrenost, The Iron Fortres"'"
2024-05-02 22:36:00,366 - IRCServer[44101] - INFO - Received message from Host ID #3 "b'\x00\x00\x00\x00\x03\x00\x00\x00\x06\x0b\x00\x1cgrey_havens"Gates to the Blessed Realm"'"
2024-05-02 22:36:00,368 - IRCServer[44101] - INFO - Sending message to Host ID #8 "b'\x00\x00\x00\x00\t\x00\x00\x00\x02\x08\x00\x1disengard"Angrenost, The Iron Fortres"'"
2024-05-02 22:36:00,369 - IRCServer[44101] - INFO - Received message from Host ID #102 "b'\x80\x00\x00\x00f\x00\x00\x00\x06\t\x00\x0bsamgamgee"Test info"'"
2024-05-02 22:36:00,372 - IRCServer[44101] - INFO - Received message from Host ID #9 "b'\x00\x00\x00\x00\t\x00\x00\x00\x02\x08\x00\x1disengard"Angrenost, The Iron Fortres"'"
2024-05-02 22:36:00,372 - IRCServer[44101] - INFO - Received message from Host ID #9 "b'\x00\x00\x00\x00\t\x00\x00\x00\x02\x08\x00\x1disengard"Angrenost, The Iron Fortres"'"
2024-05-02 22:36:00,372 - IRCServer[44101] - INFO - Received message from Host ID #9 "b'\x00\x00\x00\x00\t\x00\x00\x00\x02\x08\x00\x1disengard"Angrenost, The Iron Fortres"'"
2024-05-02 22:36:00,376 - IRCServer[44101] - INFO - Received message from Host ID #103 "b'\x80\x00\x00\x00g\x00\x00\x00\x06\x06\x00\x0belrond"Test info"'"
2024-05-02 22:36:00,379 - IRCServer[44101] - INFO - Sending message to Host ID #3 "b'\x00\x00\x00\x00\t\x00\x00\x00\x01\x08\x00\x1disengard"Angrenost, The Iron Fortres"'"
2024-05-02 22:36:00,380 - IRCServer[44101] - INFO - Received message from Host ID #104 "b'\x80\x00\x00\x00h\x00\x00\x00\x06\x0c\x00\x0bbilbobaggins"Test info"'"
2024-05-02 22:36:00,385 - IRCServer[44101] - INFO - Received message from Host ID #9 "b'\x00\x00\x00\x00\t\x00\x00\x00\x01\x08\x00\x1disengard"Angrenost, The Iron Fortres"'"
2024-05-02 22:36:00,386 - IRCServer[44101] - INFO - Received message from Host ID #5 "b'\x00\x00\x00\x00\x05\x00\x00\x00\x06\x05\x00\x0fmoria"The Black Pit"'"
2024-05-02 22:36:00,393 - IRCServer[44101] - INFO - Received message from Host ID #7 "b'\x00\x00\x00\x00\x07\x00\x00\x00\x06\x0b\x00\x10minastirith"Tower of Guard"'"
2024-05-02 22:36:00,405 - IRCServer[44101] - INFO - Received message from Host ID #105 "b'\x80\x00\x00\x00i\x00\x00\x00\x06\x08\x00\x0bperegrin"Test info"'"
2024-05-02 22:36:00,410 - IRCServer[44101] - INFO - Received message from Host ID #8 "b'\x00\x00\x00\x00\x08\x00\x00\x00\x06\x08\x00\x15mirkwood"Wood of Greenleaves"'"
2024-05-02 22:36:00,416 - IRCServer[44101] - INFO - Received message from Host ID #106 "b'\x80\x00\x00\x00j\x00\x00\x00\x06\x08\x00\x0bmeriadoc"Test info"'"
2024-05-02 22:36:01,257 - IRCServer[44101] - INFO - Launching server osgiliath...
2024-05-02 22:36:01,265 - IRCServer[44101] - INFO - Configuring the server socket...
2024-05-02 22:36:01,274 - IRCServer[44101] - INFO - Connecting to remote server minastirith:33407...
2024-05-02 22:36:01,283 - IRCServer[44101] - INFO - Listening for new connections on port 33410
2024-05-02 22:36:01,283 - IRCServer[44101] - INFO - Received message from Host ID #10 "b'\x00\x00\x00\x00\n\x00\x00\x00\x00\t\x00\x16osgiliath"Citadel of the Stars"'"
2024-05-02 22:36:01,290 - IRCServer[44101] - INFO - Sending message to Host ID #10 "b'\x00\x00\x00\x00\x07\x00\x00\x00\x07\x0b\x00\x10minastirith"Tower of Guard"'"
2024-05-02 22:36:01,295 - IRCServer[44101] - INFO - Sending message to Host ID #10 "b'\x00\x00\x00\x00\x04\x00\x00\x00\x07\n\x00\x11lothlorien"The Golden Wood"'"
2024-05-02 22:36:01,300 - IRCServer[44101] - INFO - Sending message to Host ID #10 "b'\x00\x00\x00\x00\x02\x00\x00\x00\x07\t\x00\x0frivendale"Elronds House"'"
2024-05-02 22:36:01,305 - IRCServer[44101] - INFO - Sending message to Host ID #10 "b'\x00\x00\x00\x00\x01\x00\x00\x00\x07\x08\x00\x15theshire"Home of the Hobbits"'"
2024-05-02 22:36:01,311 - IRCServer[44101] - INFO - Sending message to Host ID #10 "b'\x80\x00\x00\x00e\x00\x00\x00\x07\x0c\x00\x0bfrodobaggins"Test info"'"
2024-05-02 22:36:01,316 - IRCServer[44101] - INFO - Sending message to Host ID #10 "b'\x00\x00\x00\x00\x03\x00\x00\x00\x07\x0b\x00\x1cgrey_havens"Gates to the Blessed Realm"'"
2024-05-02 22:36:01,321 - IRCServer[44101] - INFO - Sending message to Host ID #10 "b'\x80\x00\x00\x00f\x00\x00\x00\x07\t\x00\x0bsamgamgee"Test info"'"
2024-05-02 22:36:01,327 - IRCServer[44101] - INFO - Sending message to Host ID #10 "b'\x80\x00\x00\x00g\x00\x00\x00\x07\x06\x00\x0belrond"Test info"'"
2024-05-02 22:36:01,333 - IRCServer[44101] - INFO - Sending message to Host ID #10 "b'\x80\x00\x00\x00h\x00\x00\x00\x07\x0c\x00\x0bbilbobaggins"Test info"'"
2024-05-02 22:36:01,339 - IRCServer[44101] - INFO - Sending message to Host ID #10 "b'\x00\x00\x00\x00\x05\x00\x00\x00\x07\x05\x00\x0fmoria"The Black Pit"'"
2024-05-02 22:36:01,345 - IRCServer[44101] - INFO - Sending message to Host ID #10 "b'\x00\x00\x00\x00\x06\x00\x00\x00\x07\x06\x00%edoras"Home of the Golden Hall of Meduseld"'"
2024-05-02 22:36:01,350 - IRCServer[44101] - INFO - Sending message to Host ID #10 "b'\x80\x00\x00\x00i\x00\x00\x00\x07\x08\x00\x0bperegrin"Test info"'"
2024-05-02 22:36:01,353 - IRCServer[44101] - INFO - Sending message to Host ID #10 "b'\x00\x00\x00\x00\x08\x00\x00\x00\x07\x08\x00\x15mirkwood"Wood of Greenleaves"'"
2024-05-02 22:36:01,358 - IRCServer[44101] - INFO - Sending message to Host ID #10 "b'\x80\x00\x00\x00j\x00\x00\x00\x07\x08\x00\x0bmeriadoc"Test info"'"
2024-05-02 22:36:01,362 - IRCServer[44101] - INFO - Sending message to Host ID #10 "b'\x00\x00\x00\x00\t\x00\x00\x00\x07\x08\x00\x1disengard"Angrenost, The Iron Fortres"'"
2024-05-02 22:36:01,366 - IRCServer[44101] - INFO - Sending message to Host ID #4 "b'\x00\x00\x00\x00\n\x00\x00\x00\x07\t\x00\x16osgiliath"Citadel of the Stars"'"
2024-05-02 22:36:01,372 - IRCServer[44101] - INFO - Received message from Host ID #7 "b'\x00\x00\x00\x00\x07\x00\x00\x00\x07\x0b\x00\x10minastirith"Tower of Guard"'"
2024-05-02 22:36:01,372 - IRCServer[44101] - INFO - Received message from Host ID #10 "b'\x00\x00\x00\x00\n\x00\x00\x00\x07\t\x00\x16osgiliath"Citadel of the Stars"'"
2024-05-02 22:36:01,378 - IRCServer[44101] - INFO - Received message from Host ID #4 "b'\x00\x00\x00\x00\x04\x00\x00\x00\x07\n\x00\x11lothlorien"The Golden Wood"'"
2024-05-02 22:36:01,379 - IRCServer[44101] - INFO - Sending message to Host ID #2 "b'\x00\x00\x00\x00\n\x00\x00\x00\x04\t\x00\x16osgiliath"Citadel of the Stars"'"
2024-05-02 22:36:01,382 - IRCServer[44101] - INFO - Received message from Host ID #2 "b'\x00\x00\x00\x00\x02\x00\x00\x00\x07\t\x00\x0frivendale"Elronds House"'"
2024-05-02 22:36:01,386 - IRCServer[44101] - INFO - Sending message to Host ID #6 "b'\x00\x00\x00\x00\n\x00\x00\x00\x04\t\x00\x16osgiliath"Citadel of the Stars"'"
2024-05-02 22:36:01,387 - IRCServer[44101] - INFO - Received message from Host ID #1 "b'\x00\x00\x00\x00\x01\x00\x00\x00\x07\x08\x00\x15theshire"Home of the Hobbits"'"
2024-05-02 22:36:01,390 - IRCServer[44101] - INFO - Received message from Host ID #10 "b'\x00\x00\x00\x00\n\x00\x00\x00\x04\t\x00\x16osgiliath"Citadel of the Stars"'"
2024-05-02 22:36:01,390 - IRCServer[44101] - INFO - Received message from Host ID #10 "b'\x00\x00\x00\x00\n\x00\x00\x00\x04\t\x00\x16osgiliath"Citadel of the Stars"'"
2024-05-02 22:36:01,392 - IRCServer[44101] - INFO - Received message from Host ID #101 "b'\x80\x00\x00\x00e\x00\x00\x00\x07\x0c\x00\x0bfrodobaggins"Test info"'"
2024-05-02 22:36:01,395 - IRCServer[44101] - INFO - Sending message to Host ID #1 "b'\x00\x00\x00\x00\n\x00\x00\x00\x02\t\x00\x16osgiliath"Citadel of the Stars"'"
2024-05-02 22:36:01,395 - IRCServer[44101] - INFO - Sending message to Host ID #9 "b'\x00\x00\x00\x00\n\x00\x00\x00\x06\t\x00\x16osgiliath"Citadel of the Stars"'"
2024-05-02 22:36:01,397 - IRCServer[44101] - INFO - Received message from Host ID #3 "b'\x00\x00\x00\x00\x03\x00\x00\x00\x07\x0b\x00\x1cgrey_havens"Gates to the Blessed Realm"'"
2024-05-02 22:36:01,397 - IRCServer[44101] - INFO - Sending message to Host ID #5 "b'\x00\x00\x00\x00\n\x00\x00\x00\x02\t\x00\x16osgiliath"Citadel of the Stars"'"
2024-05-02 22:36:01,402 - IRCServer[44101] - INFO - Received message from Host ID #10 "b'\x00\x00\x00\x00\n\x00\x00\x00\x06\t\x00\x16osgiliath"Citadel of the Stars"'"
2024-05-02 22:36:01,403 - IRCServer[44101] - INFO - Received message from Host ID #102 "b'\x80\x00\x00\x00f\x00\x00\x00\x07\t\x00\x0bsamgamgee"Test info"'"
2024-05-02 22:36:01,405 - IRCServer[44101] - INFO - Sending message to Host ID #8 "b'\x00\x00\x00\x00\n\x00\x00\x00\x02\t\x00\x16osgiliath"Citadel of the Stars"'"
2024-05-02 22:36:01,409 - IRCServer[44101] - INFO - Received message from Host ID #103 "b'\x80\x00\x00\x00g\x00\x00\x00\x07\x06\x00\x0belrond"Test info"'"
2024-05-02 22:36:01,410 - IRCServer[44101] - INFO - Received message from Host ID #104 "b'\x80\x00\x00\x00h\x00\x00\x00\x07\x0c\x00\x0bbilbobaggins"Test info"'"
2024-05-02 22:36:01,410 - IRCServer[44101] - INFO - Received message from Host ID #10 "b'\x00\x00\x00\x00\n\x00\x00\x00\x02\t\x00\x16osgiliath"Citadel of the Stars"'"
2024-05-02 22:36:01,411 - IRCServer[44101] - INFO - Received message from Host ID #10 "b'\x00\x00\x00\x00\n\x00\x00\x00\x02\t\x00\x16osgiliath"Citadel of the Stars"'"
2024-05-02 22:36:01,411 - IRCServer[44101] - INFO - Received message from Host ID #10 "b'\x00\x00\x00\x00\n\x00\x00\x00\x02\t\x00\x16osgiliath"Citadel of the Stars"'"
2024-05-02 22:36:01,416 - IRCServer[44101] - INFO - Received message from Host ID #5 "b'\x00\x00\x00\x00\x05\x00\x00\x00\x07\x05\x00\x0fmoria"The Black Pit"'"
2024-05-02 22:36:01,417 - IRCServer[44101] - INFO - Sending message to Host ID #3 "b'\x00\x00\x00\x00\n\x00\x00\x00\x01\t\x00\x16osgiliath"Citadel of the Stars"'"
2024-05-02 22:36:01,424 - IRCServer[44101] - INFO - Received message from Host ID #6 "b'\x00\x00\x00\x00\x06\x00\x00\x00\x07\x06\x00%edoras"Home of the Golden Hall of Meduseld"'"
2024-05-02 22:36:01,425 - IRCServer[44101] - INFO - Received message from Host ID #10 "b'\x00\x00\x00\x00\n\x00\x00\x00\x01\t\x00\x16osgiliath"Citadel of the Stars"'"
2024-05-02 22:36:01,428 - IRCServer[44101] - INFO - Received message from Host ID #105 "b'\x80\x00\x00\x00i\x00\x00\x00\x07\x08\x00\x0bperegrin"Test info"'"
2024-05-02 22:36:01,433 - IRCServer[44101] - INFO - Received message from Host ID #8 "b'\x00\x00\x00\x00\x08\x00\x00\x00\x07\x08\x00\x15mirkwood"Wood of Greenleaves"'"
2024-05-02 22:36:01,439 - IRCServer[44101] - INFO - Received message from Host ID #106 "b'\x80\x00\x00\x00j\x00\x00\x00\x07\x08\x00\x0bmeriadoc"Test info"'"
2024-05-02 22:36:01,444 - IRCServer[44101] - INFO - Received message from Host ID #9 "b'\x00\x00\x00\x00\t\x00\x00\x00\x07\x08\x00\x1disengard"Angrenost, The Iron Fortres"'"
2024-05-02 22:36:02,266 - IRCServer[44101] - INFO - Launching server barad-dur...
2024-05-02 22:36:02,271 - IRCServer[44101] - INFO - Configuring the server socket...
2024-05-02 22:36:02,277 - IRCServer[44101] - INFO - Connecting to remote server minastirith:33407...
2024-05-02 22:36:02,284 - IRCServer[44101] - INFO - Listening for new connections on port 33411
2024-05-02 22:36:02,285 - IRCServer[44101] - INFO - Received message from Host ID #11 "b'\x00\x00\x00\x00\x0b\x00\x00\x00\x00\t\x00\x10barad-dur"The Dark Tower"'"
2024-05-02 22:36:02,294 - IRCServer[44101] - INFO - Sending message to Host ID #11 "b'\x00\x00\x00\x00\x07\x00\x00\x00\x07\x0b\x00\x10minastirith"Tower of Guard"'"
2024-05-02 22:36:02,298 - IRCServer[44101] - INFO - Sending message to Host ID #11 "b'\x00\x00\x00\x00\x04\x00\x00\x00\x07\n\x00\x11lothlorien"The Golden Wood"'"
2024-05-02 22:36:02,307 - IRCServer[44101] - INFO - Sending message to Host ID #11 "b'\x00\x00\x00\x00\x02\x00\x00\x00\x07\t\x00\x0frivendale"Elronds House"'"
2024-05-02 22:36:02,315 - IRCServer[44101] - INFO - Sending message to Host ID #11 "b'\x00\x00\x00\x00\x01\x00\x00\x00\x07\x08\x00\x15theshire"Home of the Hobbits"'"
2024-05-02 22:36:02,319 - IRCServer[44101] - INFO - Sending message to Host ID #11 "b'\x80\x00\x00\x00e\x00\x00\x00\x07\x0c\x00\x0bfrodobaggins"Test info"'"
2024-05-02 22:36:02,323 - IRCServer[44101] - INFO - Sending message to Host ID #11 "b'\x00\x00\x00\x00\x03\x00\x00\x00\x07\x0b\x00\x1cgrey_havens"Gates to the Blessed Realm"'"
2024-05-02 22:36:02,330 - IRCServer[44101] - INFO - Sending message to Host ID #11 "b'\x80\x00\x00\x00f\x00\x00\x00\x07\t\x00\x0bsamgamgee"Test info"'"
2024-05-02 22:36:02,338 - IRCServer[44101] - INFO - Sending message to Host ID #11 "b'\x80\x00\x00\x00g\x00\x00\x00\x07\x06\x00\x0belrond"Test info"'"
2024-05-02 22:36:02,353 - IRCServer[44101] - INFO - Sending message to Host ID #11 "b'\x80\x00\x00\x00h\x00\x00\x00\x07\x0c\x00\x0bbilbobaggins"Test info"'"
2024-05-02 22:36:02,359 - IRCServer[44101] - INFO - Sending message to Host ID #11 "b'\x00\x00\x00\x00\x05\x00\x00\x00\x07\x05\x00\x0fmoria"The Black Pit"'"
2024-05-02 22:36:02,367 - IRCServer[44101] - INFO - Sending message to Host ID #11 "b'\x00\x00\x00\x00\x06\x00\x00\x00\x07\x06\x00%edoras"Home of the Golden Hall of Meduseld"'"
2024-05-02 22:36:02,376 - IRCServer[44101] - INFO - Sending message to Host ID #11 "b'\x80\x00\x00\x00i\x00\x00\x00\x07\x08\x00\x0bperegrin"Test info"'"
2024-05-02 22:36:02,383 - IRCServer[44101] - INFO - Sending message to Host ID #11 "b'\x00\x00\x00\x00\x08\x00\x00\x00\x07\x08\x00\x15mirkwood"Wood of Greenleaves"'"
2024-05-02 22:36:02,388 - IRCServer[44101] - INFO - Sending message to Host ID #11 "b'\x80\x00\x00\x00j\x00\x00\x00\x07\x08\x00\x0bmeriadoc"Test info"'"
2024-05-02 22:36:02,394 - IRCServer[44101] - INFO - Sending message to Host ID #11 "b'\x00\x00\x00\x00\t\x00\x00\x00\x07\x08\x00\x1disengard"Angrenost, The Iron Fortres"'"
2024-05-02 22:36:02,402 - IRCServer[44101] - INFO - Sending message to Host ID #11 "b'\x00\x00\x00\x00\n\x00\x00\x00\x07\t\x00\x16osgiliath"Citadel of the Stars"'"
2024-05-02 22:36:02,414 - IRCServer[44101] - INFO - Sending message to Host ID #4 "b'\x00\x00\x00\x00\x0b\x00\x00\x00\x07\t\x00\x10barad-dur"The Dark Tower"'"
2024-05-02 22:36:02,415 - IRCServer[44101] - INFO - Sending message to Host ID #10 "b'\x00\x00\x00\x00\x0b\x00\x00\x00\x07\t\x00\x10barad-dur"The Dark Tower"'"
2024-05-02 22:36:02,436 - IRCServer[44101] - INFO - Received message from Host ID #7 "b'\x00\x00\x00\x00\x07\x00\x00\x00\x07\x0b\x00\x10minastirith"Tower of Guard"'"
2024-05-02 22:36:02,436 - IRCServer[44101] - INFO - Received message from Host ID #11 "b'\x00\x00\x00\x00\x0b\x00\x00\x00\x07\t\x00\x10barad-dur"The Dark Tower"'"
2024-05-02 22:36:02,439 - IRCServer[44101] - INFO - Received message from Host ID #11 "b'\x00\x00\x00\x00\x0b\x00\x00\x00\x07\t\x00\x10barad-dur"The Dark Tower"'"
2024-05-02 22:36:02,441 - IRCServer[44101] - INFO - Received message from Host ID #4 "b'\x00\x00\x00\x00\x04\x00\x00\x00\x07\n\x00\x11lothlorien"The Golden Wood"'"
2024-05-02 22:36:02,443 - IRCServer[44101] - INFO - Sending message to Host ID #2 "b'\x00\x00\x00\x00\x0b\x00\x00\x00\x04\t\x00\x10barad-dur"The Dark Tower"'"
2024-05-02 22:36:02,448 - IRCServer[44101] - INFO - Received message from Host ID #2 "b'\x00\x00\x00\x00\x02\x00\x00\x00\x07\t\x00\x0frivendale"Elronds House"'"
2024-05-02 22:36:02,448 - IRCServer[44101] - INFO - Sending message to Host ID #6 "b'\x00\x00\x00\x00\x0b\x00\x00\x00\x04\t\x00\x10barad-dur"The Dark Tower"'"
2024-05-02 22:36:02,452 - IRCServer[44101] - INFO - Received message from Host ID #1 "b'\x00\x00\x00\x00\x01\x00\x00\x00\x07\x08\x00\x15theshire"Home of the Hobbits"'"
2024-05-02 22:36:02,453 - IRCServer[44101] - INFO - Received message from Host ID #11 "b'\x00\x00\x00\x00\x0b\x00\x00\x00\x04\t\x00\x10barad-dur"The Dark Tower"'"
2024-05-02 22:36:02,453 - IRCServer[44101] - INFO - Received message from Host ID #11 "b'\x00\x00\x00\x00\x0b\x00\x00\x00\x04\t\x00\x10barad-dur"The Dark Tower"'"
2024-05-02 22:36:02,455 - IRCServer[44101] - INFO - Received message from Host ID #101 "b'\x80\x00\x00\x00e\x00\x00\x00\x07\x0c\x00\x0bfrodobaggins"Test info"'"
2024-05-02 22:36:02,458 - IRCServer[44101] - INFO - Sending message to Host ID #1 "b'\x00\x00\x00\x00\x0b\x00\x00\x00\x02\t\x00\x10barad-dur"The Dark Tower"'"
2024-05-02 22:36:02,459 - IRCServer[44101] - INFO - Sending message to Host ID #9 "b'\x00\x00\x00\x00\x0b\x00\x00\x00\x06\t\x00\x10barad-dur"The Dark Tower"'"
2024-05-02 22:36:02,459 - IRCServer[44101] - INFO - Received message from Host ID #3 "b'\x00\x00\x00\x00\x03\x00\x00\x00\x07\x0b\x00\x1cgrey_havens"Gates to the Blessed Realm"'"
2024-05-02 22:36:02,463 - IRCServer[44101] - INFO - Sending message to Host ID #5 "b'\x00\x00\x00\x00\x0b\x00\x00\x00\x02\t\x00\x10barad-dur"The Dark Tower"'"
2024-05-02 22:36:02,464 - IRCServer[44101] - INFO - Received message from Host ID #11 "b'\x00\x00\x00\x00\x0b\x00\x00\x00\x06\t\x00\x10barad-dur"The Dark Tower"'"
2024-05-02 22:36:02,467 - IRCServer[44101] - INFO - Received message from Host ID #102 "b'\x80\x00\x00\x00f\x00\x00\x00\x07\t\x00\x0bsamgamgee"Test info"'"
2024-05-02 22:36:02,469 - IRCServer[44101] - INFO - Sending message to Host ID #8 "b'\x00\x00\x00\x00\x0b\x00\x00\x00\x02\t\x00\x10barad-dur"The Dark Tower"'"
2024-05-02 22:36:02,471 - IRCServer[44101] - INFO - Received message from Host ID #103 "b'\x80\x00\x00\x00g\x00\x00\x00\x07\x06\x00\x0belrond"Test info"'"
2024-05-02 22:36:02,475 - IRCServer[44101] - INFO - Received message from Host ID #11 "b'\x00\x00\x00\x00\x0b\x00\x00\x00\x02\t\x00\x10barad-dur"The Dark Tower"'"
2024-05-02 22:36:02,476 - IRCServer[44101] - INFO - Received message from Host ID #104 "b'\x80\x00\x00\x00h\x00\x00\x00\x07\x0c\x00\x0bbilbobaggins"Test info"'"
2024-05-02 22:36:02,476 - IRCServer[44101] - INFO - Received message from Host ID #11 "b'\x00\x00\x00\x00\x0b\x00\x00\x00\x02\t\x00\x10barad-dur"The Dark Tower"'"
2024-05-02 22:36:02,477 - IRCServer[44101] - INFO - Received message from Host ID #11 "b'\x00\x00\x00\x00\x0b\x00\x00\x00\x02\t\x00\x10barad-dur"The Dark Tower"'"
2024-05-02 22:36:02,479 - IRCServer[44101] - INFO - Sending message to Host ID #3 "b'\x00\x00\x00\x00\x0b\x00\x00\x00\x01\t\x00\x10barad-dur"The Dark Tower"'"
2024-05-02 22:36:02,481 - IRCServer[44101] - INFO - Received message from Host ID #5 "b'\x00\x00\x00\x00\x05\x00\x00\x00\x07\x05\x00\x0fmoria"The Black Pit"'"
2024-05-02 22:36:02,487 - IRCServer[44101] - INFO - Received message from Host ID #6 "b'\x00\x00\x00\x00\x06\x00\x00\x00\x07\x06\x00%edoras"Home of the Golden Hall of Meduseld"'"
2024-05-02 22:36:02,488 - IRCServer[44101] - INFO - Received message from Host ID #11 "b'\x00\x00\x00\x00\x0b\x00\x00\x00\x01\t\x00\x10barad-dur"The Dark Tower"'"
2024-05-02 22:36:02,495 - IRCServer[44101] - INFO - Received message from Host ID #105 "b'\x80\x00\x00\x00i\x00\x00\x00\x07\x08\x00\x0bperegrin"Test info"'"
2024-05-02 22:36:02,501 - IRCServer[44101] - INFO - Received message from Host ID #8 "b'\x00\x00\x00\x00\x08\x00\x00\x00\x07\x08\x00\x15mirkwood"Wood of Greenleaves"'"
2024-05-02 22:36:02,507 - IRCServer[44101] - INFO - Received message from Host ID #106 "b'\x80\x00\x00\x00j\x00\x00\x00\x07\x08\x00\x0bmeriadoc"Test info"'"
2024-05-02 22:36:02,514 - IRCServer[44101] - INFO - Received message from Host ID #9 "b'\x00\x00\x00\x00\t\x00\x00\x00\x07\x08\x00\x1disengard"Angrenost, The Iron Fortres"'"
2024-05-02 22:36:02,517 - IRCServer[44101] - INFO - Received message from Host ID #10 "b'\x00\x00\x00\x00\n\x00\x00\x00\x07\t\x00\x16osgiliath"Citadel of the Stars"'"
2024-05-02 22:36:04,279 - IRCServer[44101] - INFO - Launching client balin...
2024-05-02 22:36:04,307 - IRCServer[44101] - INFO - Sending message to b'\x80\x00\x00\x00k\x00\x00\x00\x00\x05\x00\x0bbalin"Test info"'
2024-05-02 22:36:04,312 - IRCServer[44101] - INFO - Received message from Host ID #107 "b'\x80\x00\x00\x00k\x00\x00\x00\x00\x05\x00\x0bbalin"Test info"'"
2024-05-02 22:36:04,318 - IRCServer[44101] - INFO - Sending message to Host ID #107 "b'\x01\x00\x00\x00\x05\x00\x00\x00k\x00\x00\x00\x00\x00/Welcome to the Clemson Relay Chat network balin'"
2024-05-02 22:36:04,328 - IRCServer[44101] - INFO - Sending message to Host ID #107 "b'\x80\x00\x00\x00e\x00\x00\x00\x05\x0c\x00\x0bfrodobaggins"Test info"'"
2024-05-02 22:36:04,336 - IRCServer[44101] - INFO - Sending message to Host ID #107 "b'\x80\x00\x00\x00f\x00\x00\x00\x05\t\x00\x0bsamgamgee"Test info"'"
2024-05-02 22:36:04,341 - IRCServer[44101] - INFO - Sending message to Host ID #107 "b'\x80\x00\x00\x00g\x00\x00\x00\x05\x06\x00\x0belrond"Test info"'"
2024-05-02 22:36:04,345 - IRCServer[44101] - INFO - Sending message to Host ID #107 "b'\x80\x00\x00\x00h\x00\x00\x00\x05\x0c\x00\x0bbilbobaggins"Test info"'"
2024-05-02 22:36:04,351 - IRCServer[44101] - INFO - Sending message to Host ID #107 "b'\x80\x00\x00\x00i\x00\x00\x00\x05\x08\x00\x0bperegrin"Test info"'"
2024-05-02 22:36:04,359 - IRCServer[44101] - INFO - Sending message to Host ID #107 "b'\x80\x00\x00\x00j\x00\x00\x00\x05\x08\x00\x0bmeriadoc"Test info"'"
2024-05-02 22:36:04,373 - IRCServer[44101] - INFO - Sending message to Host ID #2 "b'\x80\x00\x00\x00k\x00\x00\x00\x05\x05\x00\x0bbalin"Test info"'"
2024-05-02 22:36:04,382 - IRCServer[44101] - INFO - Received message from Host ID #107 "b'\x80\x00\x00\x00k\x00\x00\x00\x05\x05\x00\x0bbalin"Test info"'"
2024-05-02 22:36:04,382 - IRCServer[44101] - INFO - Received message from Host ID #5 "b'\x01\x00\x00\x00\x05\x00\x00\x00k\x00\x00\x00\x00\x00/Welcome to the Clemson Relay Chat network balin'"
2024-05-02 22:36:04,386 - IRCServer[44101] - INFO - Sending message to Host ID #1 "b'\x80\x00\x00\x00k\x00\x00\x00\x02\x05\x00\x0bbalin"Test info"'"
2024-05-02 22:36:04,387 - IRCServer[44101] - INFO - Received message from Host ID #101 "b'\x80\x00\x00\x00e\x00\x00\x00\x05\x0c\x00\x0bfrodobaggins"Test info"'"
2024-05-02 22:36:04,391 - IRCServer[44101] - INFO - Sending message to Host ID #4 "b'\x80\x00\x00\x00k\x00\x00\x00\x02\x05\x00\x0bbalin"Test info"'"
2024-05-02 22:36:04,396 - IRCServer[44101] - INFO - Received message from Host ID #102 "b'\x80\x00\x00\x00f\x00\x00\x00\x05\t\x00\x0bsamgamgee"Test info"'"
2024-05-02 22:36:04,398 - IRCServer[44101] - INFO - Sending message to Host ID #8 "b'\x80\x00\x00\x00k\x00\x00\x00\x02\x05\x00\x0bbalin"Test info"'"
2024-05-02 22:36:04,401 - IRCServer[44101] - INFO - Received message from Host ID #103 "b'\x80\x00\x00\x00g\x00\x00\x00\x05\x06\x00\x0belrond"Test info"'"
2024-05-02 22:36:04,405 - IRCServer[44101] - INFO - Sending message to Host ID #103 "b'\x80\x00\x00\x00k\x00\x00\x00\x02\x05\x00\x0bbalin"Test info"'"
2024-05-02 22:36:04,405 - IRCServer[44101] - INFO - Received message from Host ID #104 "b'\x80\x00\x00\x00h\x00\x00\x00\x05\x0c\x00\x0bbilbobaggins"Test info"'"
2024-05-02 22:36:04,410 - IRCServer[44101] - INFO - Received message from Host ID #107 "b'\x80\x00\x00\x00k\x00\x00\x00\x02\x05\x00\x0bbalin"Test info"'"
2024-05-02 22:36:04,410 - IRCServer[44101] - INFO - Received message from Host ID #107 "b'\x80\x00\x00\x00k\x00\x00\x00\x02\x05\x00\x0bbalin"Test info"'"
2024-05-02 22:36:04,410 - IRCServer[44101] - INFO - Received message from Host ID #107 "b'\x80\x00\x00\x00k\x00\x00\x00\x02\x05\x00\x0bbalin"Test info"'"
2024-05-02 22:36:04,412 - IRCServer[44101] - INFO - Received message from Host ID #107 "b'\x80\x00\x00\x00k\x00\x00\x00\x02\x05\x00\x0bbalin"Test info"'"
2024-05-02 22:36:04,413 - IRCServer[44101] - INFO - Received message from Host ID #105 "b'\x80\x00\x00\x00i\x00\x00\x00\x05\x08\x00\x0bperegrin"Test info"'"
2024-05-02 22:36:04,418 - IRCServer[44101] - INFO - Sending message to Host ID #3 "b'\x80\x00\x00\x00k\x00\x00\x00\x01\x05\x00\x0bbalin"Test info"'"
2024-05-02 22:36:04,420 - IRCServer[44101] - INFO - Sending message to Host ID #6 "b'\x80\x00\x00\x00k\x00\x00\x00\x04\x05\x00\x0bbalin"Test info"'"
2024-05-02 22:36:04,421 - IRCServer[44101] - INFO - Received message from Host ID #106 "b'\x80\x00\x00\x00j\x00\x00\x00\x05\x08\x00\x0bmeriadoc"Test info"'"
2024-05-02 22:36:04,427 - IRCServer[44101] - INFO - Sending message to Host ID #101 "b'\x80\x00\x00\x00k\x00\x00\x00\x01\x05\x00\x0bbalin"Test info"'"
2024-05-02 22:36:04,428 - IRCServer[44101] - INFO - Sending message to Host ID #7 "b'\x80\x00\x00\x00k\x00\x00\x00\x04\x05\x00\x0bbalin"Test info"'"
2024-05-02 22:36:04,433 - IRCServer[44101] - INFO - Sending message to Host ID #102 "b'\x80\x00\x00\x00k\x00\x00\x00\x01\x05\x00\x0bbalin"Test info"'"
2024-05-02 22:36:04,434 - IRCServer[44101] - INFO - Received message from Host ID #107 "b'\x80\x00\x00\x00k\x00\x00\x00\x04\x05\x00\x0bbalin"Test info"'"
2024-05-02 22:36:04,435 - IRCServer[44101] - INFO - Received message from Host ID #107 "b'\x80\x00\x00\x00k\x00\x00\x00\x04\x05\x00\x0bbalin"Test info"'"
2024-05-02 22:36:04,437 - IRCServer[44101] - INFO - Received message from Host ID #107 "b'\x80\x00\x00\x00k\x00\x00\x00\x01\x05\x00\x0bbalin"Test info"'"
2024-05-02 22:36:04,437 - IRCServer[44101] - INFO - Received message from Host ID #107 "b'\x80\x00\x00\x00k\x00\x00\x00\x01\x05\x00\x0bbalin"Test info"'"
2024-05-02 22:36:04,438 - IRCServer[44101] - INFO - Received message from Host ID #107 "b'\x80\x00\x00\x00k\x00\x00\x00\x01\x05\x00\x0bbalin"Test info"'"
2024-05-02 22:36:04,439 - IRCServer[44101] - INFO - Sending message to Host ID #10 "b'\x80\x00\x00\x00k\x00\x00\x00\x07\x05\x00\x0bbalin"Test info"'"
2024-05-02 22:36:04,441 - IRCServer[44101] - INFO - Sending message to Host ID #9 "b'\x80\x00\x00\x00k\x00\x00\x00\x06\x05\x00\x0bbalin"Test info"'"
2024-05-02 22:36:04,447 - IRCServer[44101] - INFO - Sending message to Host ID #104 "b'\x80\x00\x00\x00k\x00\x00\x00\x03\x05\x00\x0bbalin"Test info"'"
2024-05-02 22:36:04,448 - IRCServer[44101] - INFO - Sending message to Host ID #11 "b'\x80\x00\x00\x00k\x00\x00\x00\x07\x05\x00\x0bbalin"Test info"'"
2024-05-02 22:36:04,448 - IRCServer[44101] - INFO - Sending message to Host ID #106 "b'\x80\x00\x00\x00k\x00\x00\x00\x06\x05\x00\x0bbalin"Test info"'"
2024-05-02 22:36:04,452 - IRCServer[44101] - INFO - Received message from Host ID #107 "b'\x80\x00\x00\x00k\x00\x00\x00\x03\x05\x00\x0bbalin"Test info"'"
2024-05-02 22:36:04,454 - IRCServer[44101] - INFO - Sending message to Host ID #105 "b'\x80\x00\x00\x00k\x00\x00\x00\x07\x05\x00\x0bbalin"Test info"'"
2024-05-02 22:36:04,456 - IRCServer[44101] - INFO - Received message from Host ID #107 "b'\x80\x00\x00\x00k\x00\x00\x00\x06\x05\x00\x0bbalin"Test info"'"
2024-05-02 22:36:04,456 - IRCServer[44101] - INFO - Received message from Host ID #107 "b'\x80\x00\x00\x00k\x00\x00\x00\x06\x05\x00\x0bbalin"Test info"'"
2024-05-02 22:36:04,460 - IRCServer[44101] - INFO - Received message from Host ID #107 "b'\x80\x00\x00\x00k\x00\x00\x00\x07\x05\x00\x0bbalin"Test info"'"
2024-05-02 22:36:04,460 - IRCServer[44101] - INFO - Received message from Host ID #107 "b'\x80\x00\x00\x00k\x00\x00\x00\x07\x05\x00\x0bbalin"Test info"'"
2024-05-02 22:36:04,460 - IRCServer[44101] - INFO - Received message from Host ID #107 "b'\x80\x00\x00\x00k\x00\x00\x00\x07\x05\x00\x0bbalin"Test info"'"
2024-05-02 22:36:05,290 - IRCServer[44101] - INFO - Launching client sauron...
2024-05-02 22:36:05,299 - IRCServer[44101] - INFO - Sending message to b'\x80\x00\x00\x00l\x00\x00\x00\x00\x06\x00\x0bsauron"Test info"'
2024-05-02 22:36:05,308 - IRCServer[44101] - INFO - Received message from Host ID #108 "b'\x80\x00\x00\x00l\x00\x00\x00\x00\x06\x00\x0bsauron"Test info"'"
2024-05-02 22:36:05,315 - IRCServer[44101] - INFO - Sending message to Host ID #108 "b'\x01\x00\x00\x00\x0b\x00\x00\x00l\x00\x00\x00\x00\x000Welcome to the Clemson Relay Chat network sauron'"
2024-05-02 22:36:05,320 - IRCServer[44101] - INFO - Sending message to Host ID #108 "b'\x80\x00\x00\x00e\x00\x00\x00\x0b\x0c\x00\x0bfrodobaggins"Test info"'"
2024-05-02 22:36:05,327 - IRCServer[44101] - INFO - Sending message to Host ID #108 "b'\x80\x00\x00\x00f\x00\x00\x00\x0b\t\x00\x0bsamgamgee"Test info"'"
2024-05-02 22:36:05,334 - IRCServer[44101] - INFO - Sending message to Host ID #108 "b'\x80\x00\x00\x00g\x00\x00\x00\x0b\x06\x00\x0belrond"Test info"'"
2024-05-02 22:36:05,342 - IRCServer[44101] - INFO - Sending message to Host ID #108 "b'\x80\x00\x00\x00h\x00\x00\x00\x0b\x0c\x00\x0bbilbobaggins"Test info"'"
2024-05-02 22:36:05,350 - IRCServer[44101] - INFO - Sending message to Host ID #108 "b'\x80\x00\x00\x00i\x00\x00\x00\x0b\x08\x00\x0bperegrin"Test info"'"
2024-05-02 22:36:05,359 - IRCServer[44101] - INFO - Sending message to Host ID #108 "b'\x80\x00\x00\x00j\x00\x00\x00\x0b\x08\x00\x0bmeriadoc"Test info"'"
2024-05-02 22:36:05,368 - IRCServer[44101] - INFO - Sending message to Host ID #108 "b'\x80\x00\x00\x00k\x00\x00\x00\x0b\x05\x00\x0bbalin"Test info"'"
2024-05-02 22:36:05,374 - IRCServer[44101] - INFO - Sending message to Host ID #7 "b'\x80\x00\x00\x00l\x00\x00\x00\x0b\x06\x00\x0bsauron"Test info"'"
2024-05-02 22:36:05,385 - IRCServer[44101] - INFO - Received message from Host ID #108 "b'\x80\x00\x00\x00l\x00\x00\x00\x0b\x06\x00\x0bsauron"Test info"'"
2024-05-02 22:36:05,385 - IRCServer[44101] - INFO - Received message from Host ID #11 "b'\x01\x00\x00\x00\x0b\x00\x00\x00l\x00\x00\x00\x00\x000Welcome to the Clemson Relay Chat network sauron'"
2024-05-02 22:36:05,391 - IRCServer[44101] - INFO - Sending message to Host ID #4 "b'\x80\x00\x00\x00l\x00\x00\x00\x07\x06\x00\x0bsauron"Test info"'"
2024-05-02 22:36:05,395 - IRCServer[44101] - INFO - Received message from Host ID #101 "b'\x80\x00\x00\x00e\x00\x00\x00\x0b\x0c\x00\x0bfrodobaggins"Test info"'"
2024-05-02 22:36:05,400 - IRCServer[44101] - INFO - Sending message to Host ID #10 "b'\x80\x00\x00\x00l\x00\x00\x00\x07\x06\x00\x0bsauron"Test info"'"
2024-05-02 22:36:05,406 - IRCServer[44101] - INFO - Received message from Host ID #102 "b'\x80\x00\x00\x00f\x00\x00\x00\x0b\t\x00\x0bsamgamgee"Test info"'"
2024-05-02 22:36:05,406 - IRCServer[44101] - INFO - Sending message to Host ID #105 "b'\x80\x00\x00\x00l\x00\x00\x00\x07\x06\x00\x0bsauron"Test info"'"
2024-05-02 22:36:05,414 - IRCServer[44101] - INFO - Received message from Host ID #103 "b'\x80\x00\x00\x00g\x00\x00\x00\x0b\x06\x00\x0belrond"Test info"'"
2024-05-02 22:36:05,417 - IRCServer[44101] - INFO - Received message from Host ID #108 "b'\x80\x00\x00\x00l\x00\x00\x00\x07\x06\x00\x0bsauron"Test info"'"
2024-05-02 22:36:05,417 - IRCServer[44101] - INFO - Received message from Host ID #108 "b'\x80\x00\x00\x00l\x00\x00\x00\x07\x06\x00\x0bsauron"Test info"'"
2024-05-02 22:36:05,418 - IRCServer[44101] - INFO - Received message from Host ID #108 "b'\x80\x00\x00\x00l\x00\x00\x00\x07\x06\x00\x0bsauron"Test info"'"
2024-05-02 22:36:05,422 - IRCServer[44101] - INFO - Received message from Host ID #104 "b'\x80\x00\x00\x00h\x00\x00\x00\x0b\x0c\x00\x0bbilbobaggins"Test info"'"
2024-05-02 22:36:05,425 - IRCServer[44101] - INFO - Sending message to Host ID #2 "b'\x80\x00\x00\x00l\x00\x00\x00\x04\x06\x00\x0bsauron"Test info"'"
2024-05-02 22:36:05,432 - IRCServer[44101] - INFO - Received message from Host ID #105 "b'\x80\x00\x00\x00i\x00\x00\x00\x0b\x08\x00\x0bperegrin"Test info"'"
2024-05-02 22:36:05,432 - IRCServer[44101] - INFO - Sending message to Host ID #6 "b'\x80\x00\x00\x00l\x00\x00\x00\x04\x06\x00\x0bsauron"Test info"'"
2024-05-02 22:36:05,438 - IRCServer[44101] - INFO - Received message from Host ID #106 "b'\x80\x00\x00\x00j\x00\x00\x00\x0b\x08\x00\x0bmeriadoc"Test info"'"
2024-05-02 22:36:05,441 - IRCServer[44101] - INFO - Received message from Host ID #108 "b'\x80\x00\x00\x00l\x00\x00\x00\x04\x06\x00\x0bsauron"Test info"'"
2024-05-02 22:36:05,442 - IRCServer[44101] - INFO - Received message from Host ID #108 "b'\x80\x00\x00\x00l\x00\x00\x00\x04\x06\x00\x0bsauron"Test info"'"
2024-05-02 22:36:05,445 - IRCServer[44101] - INFO - Received message from Host ID #107 "b'\x80\x00\x00\x00k\x00\x00\x00\x0b\x05\x00\x0bbalin"Test info"'"
2024-05-02 22:36:05,446 - IRCServer[44101] - INFO - Sending message to Host ID #9 "b'\x80\x00\x00\x00l\x00\x00\x00\x06\x06\x00\x0bsauron"Test info"'"
2024-05-02 22:36:05,448 - IRCServer[44101] - INFO - Sending message to Host ID #1 "b'\x80\x00\x00\x00l\x00\x00\x00\x02\x06\x00\x0bsauron"Test info"'"
2024-05-02 22:36:05,450 - IRCServer[44101] - INFO - Sending message to Host ID #106 "b'\x80\x00\x00\x00l\x00\x00\x00\x06\x06\x00\x0bsauron"Test info"'"
2024-05-02 22:36:05,454 - IRCServer[44101] - INFO - Sending message to Host ID #5 "b'\x80\x00\x00\x00l\x00\x00\x00\x02\x06\x00\x0bsauron"Test info"'"
2024-05-02 22:36:05,456 - IRCServer[44101] - INFO - Received message from Host ID #108 "b'\x80\x00\x00\x00l\x00\x00\x00\x06\x06\x00\x0bsauron"Test info"'"
2024-05-02 22:36:05,456 - IRCServer[44101] - INFO - Received message from Host ID #108 "b'\x80\x00\x00\x00l\x00\x00\x00\x06\x06\x00\x0bsauron"Test info"'"
2024-05-02 22:36:05,461 - IRCServer[44101] - INFO - Sending message to Host ID #8 "b'\x80\x00\x00\x00l\x00\x00\x00\x02\x06\x00\x0bsauron"Test info"'"
2024-05-02 22:36:05,466 - IRCServer[44101] - INFO - Sending message to Host ID #103 "b'\x80\x00\x00\x00l\x00\x00\x00\x02\x06\x00\x0bsauron"Test info"'"
2024-05-02 22:36:05,471 - IRCServer[44101] - INFO - Received message from Host ID #108 "b'\x80\x00\x00\x00l\x00\x00\x00\x02\x06\x00\x0bsauron"Test info"'"
2024-05-02 22:36:05,472 - IRCServer[44101] - INFO - Received message from Host ID #108 "b'\x80\x00\x00\x00l\x00\x00\x00\x02\x06\x00\x0bsauron"Test info"'"
2024-05-02 22:36:05,472 - IRCServer[44101] - INFO - Received message from Host ID #108 "b'\x80\x00\x00\x00l\x00\x00\x00\x02\x06\x00\x0bsauron"Test info"'"
2024-05-02 22:36:05,473 - IRCServer[44101] - INFO - Received message from Host ID #108 "b'\x80\x00\x00\x00l\x00\x00\x00\x02\x06\x00\x0bsauron"Test info"'"
2024-05-02 22:36:05,477 - IRCServer[44101] - INFO - Sending message to Host ID #3 "b'\x80\x00\x00\x00l\x00\x00\x00\x01\x06\x00\x0bsauron"Test info"'"
2024-05-02 22:36:05,479 - IRCServer[44101] - INFO - Sending message to Host ID #107 "b'\x80\x00\x00\x00l\x00\x00\x00\x05\x06\x00\x0bsauron"Test info"'"
2024-05-02 22:36:05,486 - IRCServer[44101] - INFO - Sending message to Host ID #101 "b'\x80\x00\x00\x00l\x00\x00\x00\x01\x06\x00\x0bsauron"Test info"'"
2024-05-02 22:36:05,488 - IRCServer[44101] - INFO - Received message from Host ID #108 "b'\x80\x00\x00\x00l\x00\x00\x00\x05\x06\x00\x0bsauron"Test info"'"
2024-05-02 22:36:05,491 - IRCServer[44101] - INFO - Sending message to Host ID #102 "b'\x80\x00\x00\x00l\x00\x00\x00\x01\x06\x00\x0bsauron"Test info"'"
2024-05-02 22:36:05,499 - IRCServer[44101] - INFO - Received message from Host ID #108 "b'\x80\x00\x00\x00l\x00\x00\x00\x01\x06\x00\x0bsauron"Test info"'"
2024-05-02 22:36:05,500 - IRCServer[44101] - INFO - Received message from Host ID #108 "b'\x80\x00\x00\x00l\x00\x00\x00\x01\x06\x00\x0bsauron"Test info"'"
2024-05-02 22:36:05,501 - IRCServer[44101] - INFO - Received message from Host ID #108 "b'\x80\x00\x00\x00l\x00\x00\x00\x01\x06\x00\x0bsauron"Test info"'"
2024-05-02 22:36:05,508 - IRCServer[44101] - INFO - Sending message to Host ID #104 "b'\x80\x00\x00\x00l\x00\x00\x00\x03\x06\x00\x0bsauron"Test info"'"
2024-05-02 22:36:05,518 - IRCServer[44101] - INFO - Received message from Host ID #108 "b'\x80\x00\x00\x00l\x00\x00\x00\x03\x06\x00\x0bsauron"Test info"'"
2024-05-02 22:36:07,794 - IRCServer[44101] - INFO - Cleaning up the server
2024-05-02 22:36:07,805 - IRCServer[44101] - INFO - Server has disconnected!
2024-05-02 22:36:07,805 - IRCServer[44101] - INFO - Server has disconnected!
2024-05-02 22:36:07,806 - IRCServer[44101] - INFO - Cleaning up the server
2024-05-02 22:36:07,819 - IRCServer[44101] - INFO - Server has disconnected!
2024-05-02 22:36:07,824 - IRCServer[44101] - INFO - Cleaning up the server
2024-05-02 22:36:07,831 - IRCServer[44101] - INFO - Server has disconnected!
2024-05-02 22:36:07,832 - IRCServer[44101] - INFO - Cleaning up the server
2024-05-02 22:36:07,839 - IRCServer[44101] - INFO - Cleaning up the server
2024-05-02 22:36:07,845 - IRCServer[44101] - INFO - Server has disconnected!
2024-05-02 22:36:07,846 - IRCServer[44101] - INFO - Cleaning up the server
2024-05-02 22:36:07,849 - IRCServer[44101] - INFO - Server has disconnected!
2024-05-02 22:36:07,850 - IRCServer[44101] - INFO - Cleaning up the server
2024-05-02 22:36:07,853 - IRCServer[44101] - INFO - Server has disconnected!
2024-05-02 22:36:07,924 - IRCServer[44101] - INFO - Cleaning up the server
2024-05-02 22:36:07,951 - IRCServer[44101] - INFO - Cleaning up the server
2024-05-02 22:36:07,955 - IRCServer[44101] - INFO - Cleaning up the server
2024-05-02 22:36:07,958 - IRCServer[44101] - INFO - Cleaning up the server
2024-05-02 22:36:07,958 - IRCServer[44101] - INFO - Server has disconnected!
